<?xml version="1.0" encoding="UTF-8"?>
<!-- Generated by org.testng.reporters.JUnitXMLReporter -->
<testsuite ignored="0" hostname="VJ-ThinkVersion" failures="2" tests="19" name="Test" time="30.57" errors="0" timestamp="2023-05-12T07:27:55 IST">
  <testcase classname="execution.Registration" name="NegativeValidEmail" time="0.008"/>
  <testcase classname="execution.Registration" name="NegativeValidLoginFullname" time="0.001"/>
  <testcase classname="execution.Registration" name="NegativeValidMobilenum" time="0.001"/>
  <testcase classname="execution.Registration" name="SuccessfulRegis" time="0.001"/>
  <testcase classname="execution.HomeModule" name="Bookticket" time="0.002"/>
  <testcase classname="execution.HomeModule" name="SearchBuses" time="0.001"/>
  <testcase classname="test.TrackTicketsModule" name="TimeTableTrack" time="0.001"/>
  <testcase classname="test.TrackTicketsModule" name="TrackService" time="0.0"/>
  <testcase classname="execution.TicketStatus" name="TransactionStatus" time="0.004">
    <failure type="java.lang.AssertionError" message="Failed to understand the concept">
      <![CDATA[java.lang.AssertionError: Failed to understand the concept
at execution.TicketStatus.TransactionStatus(TicketStatus.java:18)
at java.base/java.util.ArrayList.forEach(ArrayList.java:1511)
... Removed 28 stack frames]]>
    </failure>
  </testcase> <!-- TransactionStatus -->
  <testcase classname="execution.TicketStatus" name="ServiceStatus" time="0.002"/>
  <testcase classname="execution.TicketStatus" name="TicketEnquiry" time="0.0">
    <skipped/>
  </testcase> <!-- TicketEnquiry -->
  <testcase classname="execution.Signin" name="Forgetpassword" time="0.001"/>
  <testcase classname="execution.Signin" name="SiginNegValidation" time="0.002"/>
  <testcase classname="execution.Signin" name="SuccessfSigin" time="0.0">
    <failure type="org.testng.TestNGException" message="
Parameter &amp;apos;url&amp;apos; is required by @Test on method SuccessfSigin but has not been marked @Optional or defined
in C:\Users\vjred\Desktop\Vjdata\Automation Testing\SeleniumTraining\TestngTutorial15\testng15.xml">
      <![CDATA[org.testng.TestNGException: 
Parameter 'url' is required by @Test on method SuccessfSigin but has not been marked @Optional or defined
in C:\Users\vjred\Desktop\Vjdata\Automation Testing\SeleniumTraining\TestngTutorial15\testng15.xml
at java.base/java.util.ArrayList.forEach(ArrayList.java:1511)
... Removed 26 stack frames]]>
    </failure>
  </testcase> <!-- SuccessfSigin -->
  <testcase classname="execution.Signin" name="WebLogin" time="14.087"/>
  <testcase classname="execution.Signin" name="WebLogin" time="7.045"/>
  <testcase classname="execution.Signin" name="WebLogin" time="9.317"/>
  <testcase classname="execution.GalleryWallet" name="ViewGallery" time="0.003"/>
  <testcase classname="execution.GalleryWallet" name="ViewWalletinfo" time="0.003"/>
</testsuite> <!-- Test -->
