<?xml version="1.0" encoding="UTF-8"?>
<!-- Generated by org.testng.reporters.JUnitXMLReporter -->
<testsuite ignored="11" hostname="VJ-ThinkVersion" failures="1" tests="6" name="LoginModule" time="0.142" errors="0" timestamp="2023-05-12T07:39:34 IST">
  <testcase classname="execution.Registration" name="SuccessfulRegis" time="0.019"/>
  <testcase classname="execution.Signin" name="SuccessfSigin" time="0.0">
    <failure type="org.testng.TestNGException" message="
Parameter &amp;apos;url&amp;apos; is required by @Test on method SuccessfSigin but has not been marked @Optional or defined
in C:\Users\vjred\Desktop\Vjdata\Automation Testing\SeleniumTraining\TestngTutorial15\GroupsSmoke.xml">
      <![CDATA[org.testng.TestNGException: 
Parameter 'url' is required by @Test on method SuccessfSigin but has not been marked @Optional or defined
in C:\Users\vjred\Desktop\Vjdata\Automation Testing\SeleniumTraining\TestngTutorial15\GroupsSmoke.xml
at java.base/java.util.ArrayList.forEach(ArrayList.java:1511)
... Removed 26 stack frames]]>
    </failure>
  </testcase> <!-- SuccessfSigin -->
  <testcase classname="execution.HomeModule" name="SearchBuses" time="0.002"/>
  <testcase classname="execution.TicketStatus" name="ServiceStatus" time="0.002"/>
  <testcase classname="execution.GalleryWallet" name="ViewGallery" time="0.002"/>
  <testcase classname="test.TrackTicketsModule" name="TrackService" time="0.006"/>
  <testcase classname="execution.Registration" name="NegativeValidMobilenum" time="0.0">
    <ignored/>
  </testcase> <!-- NegativeValidMobilenum -->
  <testcase classname="execution.Signin" name="SiginNegValidation" time="0.0">
    <ignored/>
  </testcase> <!-- SiginNegValidation -->
  <testcase classname="execution.Registration" name="NegativeValidLoginFullname" time="0.0">
    <ignored/>
  </testcase> <!-- NegativeValidLoginFullname -->
  <testcase classname="execution.TicketStatus" name="TransactionStatus" time="0.0">
    <ignored/>
  </testcase> <!-- TransactionStatus -->
  <testcase classname="execution.TicketStatus" name="TicketEnquiry" time="0.0">
    <ignored/>
  </testcase> <!-- TicketEnquiry -->
  <testcase classname="execution.GalleryWallet" name="ViewWalletinfo" time="0.0">
    <ignored/>
  </testcase> <!-- ViewWalletinfo -->
  <testcase classname="execution.HomeModule" name="Bookticket" time="0.0">
    <ignored/>
  </testcase> <!-- Bookticket -->
  <testcase classname="test.TrackTicketsModule" name="TimeTableTrack" time="0.0">
    <ignored/>
  </testcase> <!-- TimeTableTrack -->
  <testcase classname="execution.Signin" name="Forgetpassword" time="0.0">
    <ignored/>
  </testcase> <!-- Forgetpassword -->
  <testcase classname="execution.Signin" name="WebLogin" time="0.0">
    <ignored/>
  </testcase> <!-- WebLogin -->
  <testcase classname="execution.Registration" name="NegativeValidEmail" time="0.0">
    <ignored/>
  </testcase> <!-- NegativeValidEmail -->
</testsuite> <!-- LoginModule -->
